<?xml version="1.0" encoding="UTF-8"?>
<!-- Generated by org.testng.reporters.JUnitReportReporter -->
<testsuite hostname="DESKTOP-GFEEOE5" failures="0" tests="1" name="LoginToWebsite.loginToWebsite" time="11.738" errors="0" timestamp="2022-06-02T14:19:48 IST" skipped="0">
  <testcase classname="LoginToWebsite.loginToWebsite" name="login" time="11.738"/>
  <system-out/>
</testsuite> <!-- LoginToWebsite.loginToWebsite -->
