<?xml version="1.0" encoding="UTF-8"?>
<!-- Generated by org.testng.reporters.JUnitReportReporter -->
<testsuite hostname="DESKTOP-GFEEOE5" failures="0" tests="1" name="LoginToWebsite.loginToWebsite" time="14.510" errors="0" timestamp="08 Jun 2022 05:37:53 GMT" skipped="0">
  <testcase classname="LoginToWebsite.loginToWebsite" name="login" time="14.510"/>
</testsuite> <!-- LoginToWebsite.loginToWebsite -->
